
The following files have been resolved:
   org.postgresql:postgresql:jar:42.2.1:compile
   org.checkerframework:checker-compat-qual:jar:2.5.2:compile
   com.google.code.findbugs:jsr305:jar:3.0.2:compile
   com.google.api:gax:jar:1.38.0:compile
   org.threeten:threetenbp:jar:1.3.3:compile
   com.google.protobuf:protobuf-java-util:jar:3.6.1:compile
   io.grpc:grpc-grpclb:jar:1.17.1:runtime
   com.google.auth:google-auth-library-credentials:jar:0.12.0:compile
   com.google.api.grpc:proto-google-common-protos:jar:1.12.0:compile
   io.grpc:grpc-netty-shaded:jar:1.17.1:compile
   com.google.cloud:google-cloud-core:jar:1.62.0:compile
   com.google.j2objc:j2objc-annotations:jar:1.1:compile
   org.codehaus.mojo:animal-sniffer-annotations:jar:1.14:compile
   org.apache.httpcomponents:httpclient:jar:4.5.5:compile
   io.opencensus:opencensus-api:jar:0.17.0:compile
   com.google.auth:google-auth-library-oauth2-http:jar:0.12.0:compile
   com.google.cloud:google-cloud-core-grpc:jar:1.62.0:compile
   io.opencensus:opencensus-contrib-grpc-metrics:jar:0.17.0:compile
   io.grpc:grpc-alts:jar:1.17.1:compile
   com.google.http-client:google-http-client-jackson2:jar:1.27.0:compile
   com.google.guava:guava:jar:26.0-android:compile
   com.google.cloud:google-cloud-speech:jar:0.80.0-beta:compile
   com.google.http-client:google-http-client:jar:1.27.0:compile
   commons-codec:commons-codec:jar:1.10:compile
   com.google.errorprone:error_prone_annotations:jar:2.1.3:compile
   com.google.api:api-common:jar:1.7.0:compile
   javax.annotation:javax.annotation-api:jar:1.2:compile
   com.google.code.gson:gson:jar:2.7:compile
   io.grpc:grpc-protobuf:jar:1.17.1:compile
   io.grpc:grpc-stub:jar:1.17.1:compile
   com.fasterxml.jackson.core:jackson-core:jar:2.9.6:compile
   io.grpc:grpc-context:jar:1.17.1:compile
   com.google.api:gax-grpc:jar:1.38.0:compile
   com.google.api.grpc:proto-google-cloud-speech-v1p1beta1:jar:0.45.0:compile
   com.google.api.grpc:proto-google-cloud-speech-v1beta1:jar:0.45.0:compile
   org.apache.commons:commons-lang3:jar:3.5:compile
   com.google.protobuf:protobuf-java:jar:3.6.1:compile
   com.google.api.grpc:proto-google-iam-v1:jar:0.12.0:compile
   io.grpc:grpc-auth:jar:1.17.1:compile
   commons-logging:commons-logging:jar:1.2:compile
   io.grpc:grpc-core:jar:1.17.1:compile
   com.google.api.grpc:proto-google-cloud-speech-v1:jar:0.45.0:compile
   org.apache.httpcomponents:httpcore:jar:4.4.9:compile
   io.grpc:grpc-protobuf-lite:jar:1.17.1:compile

